<?xml version="1.0" encoding="UTF-8"?>
<testsuite xmlns:xsi="http://www.w3.org/2001/XMLSchema-instance" xsi:noNamespaceSchemaLocation="https://maven.apache.org/surefire/maven-surefire-plugin/xsd/surefire-test-report.xsd" name="LoginTest" time="71.396" tests="4" errors="0" skipped="0" failures="0">
  <properties>
[...]
</properties>
  <testcase name="mainPageAuthButton" classname="LoginTest" time="16.782"/>
  <testcase name="registrationPageAuthButton" classname="LoginTest" time="19.19"/>
  <testcase name="resetPasswordPageAuthButton" classname="LoginTest" time="18.808"/>
  <testcase name="profilePageAuthButton" classname="LoginTest" time="16.605"/>
</testsuite>